{"/Users/lbelyaev/dev/db-mcp/packages/ui/src/components/context/SchemaExplorer.tsx": {"path":"/Users/lbelyaev/dev/db-mcp/packages/ui/src/components/context/SchemaExplorer.tsx","statementMap":{"0":{"start":{"line":8,"column":18},"end":{"line":23,"column":null}},"1":{"start":{"line":9,"column":2},"end":{"line":23,"column":null}},"2":{"start":{"line":26,"column":25},"end":{"line":40,"column":null}},"3":{"start":{"line":27,"column":2},"end":{"line":40,"column":null}},"4":{"start":{"line":43,"column":21},"end":{"line":59,"column":null}},"5":{"start":{"line":44,"column":2},"end":{"line":59,"column":null}},"6":{"start":{"line":62,"column":18},"end":{"line":79,"column":null}},"7":{"start":{"line":63,"column":2},"end":{"line":79,"column":null}},"8":{"start":{"line":82,"column":19},"end":{"line":99,"column":null}},"9":{"start":{"line":83,"column":2},"end":{"line":99,"column":null}},"10":{"start":{"line":102,"column":16},"end":{"line":118,"column":null}},"11":{"start":{"line":103,"column":2},"end":{"line":118,"column":null}},"12":{"start":{"line":121,"column":19},"end":{"line":136,"column":null}},"13":{"start":{"line":122,"column":2},"end":{"line":136,"column":null}},"14":{"start":{"line":181,"column":32},"end":{"line":181,"column":null}},"15":{"start":{"line":182,"column":24},"end":{"line":182,"column":null}},"16":{"start":{"line":183,"column":36},"end":{"line":183,"column":null}},"17":{"start":{"line":186,"column":30},"end":{"line":186,"column":null}},"18":{"start":{"line":187,"column":28},"end":{"line":187,"column":null}},"19":{"start":{"line":188,"column":26},"end":{"line":188,"column":null}},"20":{"start":{"line":189,"column":28},"end":{"line":189,"column":null}},"21":{"start":{"line":192,"column":46},"end":{"line":194,"column":null}},"22":{"start":{"line":195,"column":44},"end":{"line":197,"column":null}},"23":{"start":{"line":198,"column":42},"end":{"line":198,"column":null}},"24":{"start":{"line":201,"column":44},"end":{"line":201,"column":null}},"25":{"start":{"line":204,"column":2},"end":{"line":208,"column":null}},"26":{"start":{"line":205,"column":4},"end":{"line":207,"column":null}},"27":{"start":{"line":206,"column":6},"end":{"line":206,"column":null}},"28":{"start":{"line":211,"column":2},"end":{"line":215,"column":null}},"29":{"start":{"line":212,"column":4},"end":{"line":214,"column":null}},"30":{"start":{"line":213,"column":6},"end":{"line":213,"column":null}},"31":{"start":{"line":217,"column":23},"end":{"line":242,"column":null}},"32":{"start":{"line":218,"column":4},"end":{"line":218,"column":null}},"33":{"start":{"line":219,"column":4},"end":{"line":219,"column":null}},"34":{"start":{"line":220,"column":4},"end":{"line":241,"column":null}},"35":{"start":{"line":221,"column":21},"end":{"line":225,"column":null}},"36":{"start":{"line":227,"column":6},"end":{"line":236,"column":null}},"37":{"start":{"line":228,"column":8},"end":{"line":228,"column":null}},"38":{"start":{"line":230,"column":8},"end":{"line":233,"column":null}},"39":{"start":{"line":231,"column":10},"end":{"line":231,"column":null}},"40":{"start":{"line":232,"column":10},"end":{"line":232,"column":null}},"41":{"start":{"line":235,"column":8},"end":{"line":235,"column":null}},"42":{"start":{"line":238,"column":6},"end":{"line":238,"column":null}},"43":{"start":{"line":240,"column":6},"end":{"line":240,"column":null}},"44":{"start":{"line":244,"column":22},"end":{"line":258,"column":null}},"45":{"start":{"line":245,"column":4},"end":{"line":257,"column":null}},"46":{"start":{"line":246,"column":21},"end":{"line":250,"column":null}},"47":{"start":{"line":252,"column":6},"end":{"line":254,"column":null}},"48":{"start":{"line":253,"column":8},"end":{"line":253,"column":null}},"49":{"start":{"line":253,"column":30},"end":{"line":253,"column":69}},"50":{"start":{"line":256,"column":6},"end":{"line":256,"column":null}},"51":{"start":{"line":260,"column":21},"end":{"line":275,"column":null}},"52":{"start":{"line":261,"column":16},"end":{"line":261,"column":null}},"53":{"start":{"line":262,"column":4},"end":{"line":274,"column":null}},"54":{"start":{"line":263,"column":21},"end":{"line":267,"column":null}},"55":{"start":{"line":269,"column":6},"end":{"line":271,"column":null}},"56":{"start":{"line":270,"column":8},"end":{"line":270,"column":null}},"57":{"start":{"line":270,"column":29},"end":{"line":270,"column":63}},"58":{"start":{"line":273,"column":6},"end":{"line":273,"column":null}},"59":{"start":{"line":277,"column":22},"end":{"line":296,"column":null}},"60":{"start":{"line":282,"column":16},"end":{"line":282,"column":null}},"61":{"start":{"line":283,"column":4},"end":{"line":295,"column":null}},"62":{"start":{"line":284,"column":21},"end":{"line":288,"column":null}},"63":{"start":{"line":290,"column":6},"end":{"line":292,"column":null}},"64":{"start":{"line":291,"column":8},"end":{"line":291,"column":null}},"65":{"start":{"line":291,"column":30},"end":{"line":291,"column":65}},"66":{"start":{"line":294,"column":6},"end":{"line":294,"column":null}},"67":{"start":{"line":298,"column":27},"end":{"line":334,"column":null}},"68":{"start":{"line":299,"column":47},"end":{"line":299,"column":null}},"69":{"start":{"line":302,"column":15},"end":{"line":302,"column":null}},"70":{"start":{"line":303,"column":4},"end":{"line":303,"column":null}},"71":{"start":{"line":303,"column":17},"end":{"line":303,"column":null}},"72":{"start":{"line":304,"column":4},"end":{"line":304,"column":null}},"73":{"start":{"line":304,"column":16},"end":{"line":304,"column":null}},"74":{"start":{"line":305,"column":4},"end":{"line":305,"column":null}},"75":{"start":{"line":305,"column":15},"end":{"line":305,"column":null}},"76":{"start":{"line":306,"column":4},"end":{"line":306,"column":null}},"77":{"start":{"line":306,"column":16},"end":{"line":306,"column":null}},"78":{"start":{"line":307,"column":4},"end":{"line":307,"column":null}},"79":{"start":{"line":310,"column":4},"end":{"line":325,"column":null}},"80":{"start":{"line":311,"column":6},"end":{"line":311,"column":null}},"81":{"start":{"line":311,"column":36},"end":{"line":311,"column":63}},"82":{"start":{"line":312,"column":6},"end":{"line":312,"column":null}},"83":{"start":{"line":314,"column":6},"end":{"line":324,"column":null}},"84":{"start":{"line":315,"column":26},"end":{"line":315,"column":null}},"85":{"start":{"line":316,"column":8},"end":{"line":316,"column":null}},"86":{"start":{"line":316,"column":37},"end":{"line":316,"column":66}},"87":{"start":{"line":317,"column":8},"end":{"line":317,"column":null}},"88":{"start":{"line":319,"column":8},"end":{"line":323,"column":null}},"89":{"start":{"line":320,"column":27},"end":{"line":320,"column":null}},"90":{"start":{"line":321,"column":10},"end":{"line":321,"column":null}},"91":{"start":{"line":321,"column":38},"end":{"line":321,"column":66}},"92":{"start":{"line":322,"column":10},"end":{"line":322,"column":null}},"93":{"start":{"line":328,"column":4},"end":{"line":333,"column":null}},"94":{"start":{"line":329,"column":22},"end":{"line":329,"column":null}},"95":{"start":{"line":330,"column":6},"end":{"line":332,"column":null}},"96":{"start":{"line":331,"column":8},"end":{"line":331,"column":null}},"97":{"start":{"line":336,"column":8},"end":{"line":352,"column":null}},"98":{"start":{"line":338,"column":6},"end":{"line":349,"column":null}},"99":{"start":{"line":339,"column":21},"end":{"line":339,"column":null}},"100":{"start":{"line":340,"column":8},"end":{"line":347,"column":null}},"101":{"start":{"line":341,"column":10},"end":{"line":341,"column":null}},"102":{"start":{"line":343,"column":10},"end":{"line":343,"column":null}},"103":{"start":{"line":344,"column":10},"end":{"line":346,"column":null}},"104":{"start":{"line":345,"column":12},"end":{"line":345,"column":null}},"105":{"start":{"line":348,"column":8},"end":{"line":348,"column":null}},"106":{"start":{"line":354,"column":8},"end":{"line":371,"column":null}},"107":{"start":{"line":356,"column":18},"end":{"line":356,"column":null}},"108":{"start":{"line":357,"column":6},"end":{"line":368,"column":null}},"109":{"start":{"line":358,"column":21},"end":{"line":358,"column":null}},"110":{"start":{"line":359,"column":8},"end":{"line":366,"column":null}},"111":{"start":{"line":360,"column":10},"end":{"line":360,"column":null}},"112":{"start":{"line":362,"column":10},"end":{"line":362,"column":null}},"113":{"start":{"line":363,"column":10},"end":{"line":365,"column":null}},"114":{"start":{"line":364,"column":12},"end":{"line":364,"column":null}},"115":{"start":{"line":367,"column":8},"end":{"line":367,"column":null}},"116":{"start":{"line":373,"column":8},"end":{"line":390,"column":null}},"117":{"start":{"line":375,"column":18},"end":{"line":375,"column":null}},"118":{"start":{"line":376,"column":6},"end":{"line":387,"column":null}},"119":{"start":{"line":377,"column":21},"end":{"line":377,"column":null}},"120":{"start":{"line":378,"column":8},"end":{"line":385,"column":null}},"121":{"start":{"line":379,"column":10},"end":{"line":379,"column":null}},"122":{"start":{"line":381,"column":10},"end":{"line":381,"column":null}},"123":{"start":{"line":382,"column":10},"end":{"line":384,"column":null}},"124":{"start":{"line":383,"column":12},"end":{"line":383,"column":null}},"125":{"start":{"line":386,"column":8},"end":{"line":386,"column":null}},"126":{"start":{"line":392,"column":29},"end":{"line":405,"column":null}},"127":{"start":{"line":398,"column":4},"end":{"line":404,"column":null}},"128":{"start":{"line":399,"column":17},"end":{"line":399,"column":null}},"129":{"start":{"line":400,"column":6},"end":{"line":400,"column":null}},"130":{"start":{"line":400,"column":18},"end":{"line":400,"column":null}},"131":{"start":{"line":401,"column":6},"end":{"line":401,"column":null}},"132":{"start":{"line":401,"column":17},"end":{"line":401,"column":null}},"133":{"start":{"line":402,"column":6},"end":{"line":402,"column":null}},"134":{"start":{"line":402,"column":18},"end":{"line":402,"column":null}},"135":{"start":{"line":403,"column":6},"end":{"line":403,"column":null}},"136":{"start":{"line":407,"column":24},"end":{"line":410,"column":null}},"137":{"start":{"line":408,"column":4},"end":{"line":408,"column":null}},"138":{"start":{"line":408,"column":22},"end":{"line":408,"column":null}},"139":{"start":{"line":409,"column":4},"end":{"line":409,"column":null}},"140":{"start":{"line":412,"column":2},"end":{"line":412,"column":null}},"141":{"start":{"line":412,"column":15},"end":{"line":412,"column":null}},"142":{"start":{"line":414,"column":2},"end":{"line":485,"column":null}},"143":{"start":{"line":437,"column":29},"end":{"line":437,"column":null}},"144":{"start":{"line":459,"column":14},"end":{"line":475,"column":null}},"145":{"start":{"line":528,"column":15},"end":{"line":528,"column":null}},"146":{"start":{"line":529,"column":24},"end":{"line":529,"column":null}},"147":{"start":{"line":532,"column":25},"end":{"line":534,"column":null}},"148":{"start":{"line":533,"column":28},"end":{"line":533,"column":49}},"149":{"start":{"line":536,"column":2},"end":{"line":538,"column":null}},"150":{"start":{"line":537,"column":4},"end":{"line":537,"column":null}},"151":{"start":{"line":540,"column":2},"end":{"line":582,"column":null}},"152":{"start":{"line":548,"column":23},"end":{"line":548,"column":null}},"153":{"start":{"line":549,"column":29},"end":{"line":549,"column":null}},"154":{"start":{"line":564,"column":12},"end":{"line":578,"column":null}},"155":{"start":{"line":621,"column":15},"end":{"line":621,"column":null}},"156":{"start":{"line":622,"column":24},"end":{"line":622,"column":null}},"157":{"start":{"line":625,"column":24},"end":{"line":627,"column":null}},"158":{"start":{"line":626,"column":27},"end":{"line":626,"column":48}},"159":{"start":{"line":629,"column":2},"end":{"line":635,"column":null}},"160":{"start":{"line":634,"column":4},"end":{"line":634,"column":null}},"161":{"start":{"line":637,"column":2},"end":{"line":684,"column":null}},"162":{"start":{"line":645,"column":23},"end":{"line":645,"column":null}},"163":{"start":{"line":646,"column":29},"end":{"line":646,"column":null}},"164":{"start":{"line":666,"column":12},"end":{"line":680,"column":null}},"165":{"start":{"line":719,"column":15},"end":{"line":719,"column":null}},"166":{"start":{"line":720,"column":24},"end":{"line":720,"column":null}},"167":{"start":{"line":723,"column":25},"end":{"line":725,"column":null}},"168":{"start":{"line":724,"column":28},"end":{"line":724,"column":49}},"169":{"start":{"line":727,"column":2},"end":{"line":733,"column":null}},"170":{"start":{"line":732,"column":4},"end":{"line":732,"column":null}},"171":{"start":{"line":735,"column":2},"end":{"line":779,"column":null}},"172":{"start":{"line":743,"column":23},"end":{"line":743,"column":null}},"173":{"start":{"line":744,"column":29},"end":{"line":744,"column":null}},"174":{"start":{"line":767,"column":12},"end":{"line":775,"column":null}},"175":{"start":{"line":806,"column":15},"end":{"line":806,"column":null}},"176":{"start":{"line":807,"column":24},"end":{"line":807,"column":null}},"177":{"start":{"line":809,"column":2},"end":{"line":829,"column":null}},"178":{"start":{"line":816,"column":21},"end":{"line":816,"column":null}},"179":{"start":{"line":835,"column":2},"end":{"line":835,"column":null}},"180":{"start":{"line":835,"column":33},"end":{"line":835,"column":null}},"181":{"start":{"line":837,"column":16},"end":{"line":837,"column":null}},"182":{"start":{"line":838,"column":2},"end":{"line":843,"column":null}}},"fnMap":{"0":{"name":"(anonymous_0)","decl":{"start":{"line":8,"column":18},"end":{"line":8,"column":19}},"loc":{"start":{"line":9,"column":2},"end":{"line":23,"column":null}},"line":9},"1":{"name":"(anonymous_1)","decl":{"start":{"line":26,"column":25},"end":{"line":26,"column":26}},"loc":{"start":{"line":27,"column":2},"end":{"line":40,"column":null}},"line":27},"2":{"name":"(anonymous_2)","decl":{"start":{"line":43,"column":21},"end":{"line":43,"column":22}},"loc":{"start":{"line":44,"column":2},"end":{"line":59,"column":null}},"line":44},"3":{"name":"(anonymous_3)","decl":{"start":{"line":62,"column":18},"end":{"line":62,"column":19}},"loc":{"start":{"line":63,"column":2},"end":{"line":79,"column":null}},"line":63},"4":{"name":"(anonymous_4)","decl":{"start":{"line":82,"column":19},"end":{"line":82,"column":20}},"loc":{"start":{"line":83,"column":2},"end":{"line":99,"column":null}},"line":83},"5":{"name":"(anonymous_5)","decl":{"start":{"line":102,"column":16},"end":{"line":102,"column":17}},"loc":{"start":{"line":103,"column":2},"end":{"line":118,"column":null}},"line":103},"6":{"name":"(anonymous_6)","decl":{"start":{"line":121,"column":19},"end":{"line":121,"column":20}},"loc":{"start":{"line":122,"column":2},"end":{"line":136,"column":null}},"line":122},"7":{"name":"SchemaExplorer","decl":{"start":{"line":175,"column":16},"end":{"line":175,"column":31}},"loc":{"start":{"line":180,"column":24},"end":{"line":487,"column":null}},"line":180},"8":{"name":"(anonymous_8)","decl":{"start":{"line":204,"column":12},"end":{"line":204,"column":18}},"loc":{"start":{"line":204,"column":18},"end":{"line":208,"column":5}},"line":204},"9":{"name":"(anonymous_9)","decl":{"start":{"line":211,"column":12},"end":{"line":211,"column":18}},"loc":{"start":{"line":211,"column":18},"end":{"line":215,"column":5}},"line":211},"10":{"name":"(anonymous_10)","decl":{"start":{"line":217,"column":23},"end":{"line":217,"column":35}},"loc":{"start":{"line":217,"column":35},"end":{"line":242,"column":null}},"line":217},"11":{"name":"(anonymous_11)","decl":{"start":{"line":244,"column":22},"end":{"line":244,"column":29}},"loc":{"start":{"line":244,"column":49},"end":{"line":258,"column":null}},"line":244},"12":{"name":"(anonymous_12)","decl":{"start":{"line":253,"column":19},"end":{"line":253,"column":20}},"loc":{"start":{"line":253,"column":30},"end":{"line":253,"column":69}},"line":253},"13":{"name":"(anonymous_13)","decl":{"start":{"line":260,"column":21},"end":{"line":260,"column":28}},"loc":{"start":{"line":260,"column":64},"end":{"line":275,"column":null}},"line":260},"14":{"name":"(anonymous_14)","decl":{"start":{"line":270,"column":18},"end":{"line":270,"column":19}},"loc":{"start":{"line":270,"column":29},"end":{"line":270,"column":63}},"line":270},"15":{"name":"(anonymous_15)","decl":{"start":{"line":277,"column":22},"end":{"line":277,"column":null}},"loc":{"start":{"line":281,"column":7},"end":{"line":296,"column":null}},"line":281},"16":{"name":"(anonymous_16)","decl":{"start":{"line":291,"column":19},"end":{"line":291,"column":20}},"loc":{"start":{"line":291,"column":30},"end":{"line":291,"column":65}},"line":291},"17":{"name":"(anonymous_17)","decl":{"start":{"line":298,"column":27},"end":{"line":298,"column":34}},"loc":{"start":{"line":298,"column":57},"end":{"line":334,"column":null}},"line":298},"18":{"name":"(anonymous_18)","decl":{"start":{"line":311,"column":26},"end":{"line":311,"column":27}},"loc":{"start":{"line":311,"column":36},"end":{"line":311,"column":63}},"line":311},"19":{"name":"(anonymous_19)","decl":{"start":{"line":316,"column":27},"end":{"line":316,"column":28}},"loc":{"start":{"line":316,"column":37},"end":{"line":316,"column":66}},"line":316},"20":{"name":"(anonymous_20)","decl":{"start":{"line":321,"column":28},"end":{"line":321,"column":29}},"loc":{"start":{"line":321,"column":38},"end":{"line":321,"column":66}},"line":321},"21":{"name":"(anonymous_21)","decl":{"start":{"line":328,"column":15},"end":{"line":328,"column":21}},"loc":{"start":{"line":328,"column":21},"end":{"line":333,"column":7}},"line":328},"22":{"name":"(anonymous_22)","decl":{"start":{"line":337,"column":4},"end":{"line":337,"column":5}},"loc":{"start":{"line":337,"column":25},"end":{"line":350,"column":null}},"line":337},"23":{"name":"(anonymous_23)","decl":{"start":{"line":338,"column":26},"end":{"line":338,"column":27}},"loc":{"start":{"line":338,"column":36},"end":{"line":349,"column":7}},"line":338},"24":{"name":"(anonymous_24)","decl":{"start":{"line":355,"column":4},"end":{"line":355,"column":5}},"loc":{"start":{"line":355,"column":41},"end":{"line":369,"column":null}},"line":355},"25":{"name":"(anonymous_25)","decl":{"start":{"line":357,"column":25},"end":{"line":357,"column":26}},"loc":{"start":{"line":357,"column":35},"end":{"line":368,"column":7}},"line":357},"26":{"name":"(anonymous_26)","decl":{"start":{"line":374,"column":4},"end":{"line":374,"column":5}},"loc":{"start":{"line":374,"column":56},"end":{"line":388,"column":null}},"line":374},"27":{"name":"(anonymous_27)","decl":{"start":{"line":376,"column":24},"end":{"line":376,"column":25}},"loc":{"start":{"line":376,"column":34},"end":{"line":387,"column":7}},"line":376},"28":{"name":"(anonymous_28)","decl":{"start":{"line":392,"column":29},"end":{"line":392,"column":null}},"loc":{"start":{"line":397,"column":7},"end":{"line":405,"column":null}},"line":397},"29":{"name":"(anonymous_29)","decl":{"start":{"line":407,"column":24},"end":{"line":407,"column":25}},"loc":{"start":{"line":407,"column":51},"end":{"line":410,"column":null}},"line":407},"30":{"name":"(anonymous_30)","decl":{"start":{"line":437,"column":22},"end":{"line":437,"column":23}},"loc":{"start":{"line":437,"column":29},"end":{"line":437,"column":null}},"line":437},"31":{"name":"(anonymous_31)","decl":{"start":{"line":458,"column":26},"end":{"line":458,"column":27}},"loc":{"start":{"line":459,"column":14},"end":{"line":475,"column":null}},"line":459},"32":{"name":"CatalogNode","decl":{"start":{"line":512,"column":9},"end":{"line":512,"column":21}},"loc":{"start":{"line":527,"column":21},"end":{"line":584,"column":null}},"line":527},"33":{"name":"(anonymous_33)","decl":{"start":{"line":533,"column":21},"end":{"line":533,"column":22}},"loc":{"start":{"line":533,"column":28},"end":{"line":533,"column":49}},"line":533},"34":{"name":"(anonymous_34)","decl":{"start":{"line":548,"column":17},"end":{"line":548,"column":23}},"loc":{"start":{"line":548,"column":23},"end":{"line":548,"column":null}},"line":548},"35":{"name":"(anonymous_35)","decl":{"start":{"line":549,"column":23},"end":{"line":549,"column":29}},"loc":{"start":{"line":549,"column":29},"end":{"line":549,"column":null}},"line":549},"36":{"name":"(anonymous_36)","decl":{"start":{"line":563,"column":30},"end":{"line":563,"column":31}},"loc":{"start":{"line":564,"column":12},"end":{"line":578,"column":null}},"line":564},"37":{"name":"SchemaNode","decl":{"start":{"line":607,"column":9},"end":{"line":607,"column":20}},"loc":{"start":{"line":620,"column":20},"end":{"line":686,"column":null}},"line":620},"38":{"name":"(anonymous_38)","decl":{"start":{"line":626,"column":20},"end":{"line":626,"column":21}},"loc":{"start":{"line":626,"column":27},"end":{"line":626,"column":48}},"line":626},"39":{"name":"(anonymous_39)","decl":{"start":{"line":645,"column":17},"end":{"line":645,"column":23}},"loc":{"start":{"line":645,"column":23},"end":{"line":645,"column":null}},"line":645},"40":{"name":"(anonymous_40)","decl":{"start":{"line":646,"column":23},"end":{"line":646,"column":29}},"loc":{"start":{"line":646,"column":29},"end":{"line":646,"column":null}},"line":646},"41":{"name":"(anonymous_41)","decl":{"start":{"line":665,"column":29},"end":{"line":665,"column":30}},"loc":{"start":{"line":666,"column":12},"end":{"line":680,"column":null}},"line":666},"42":{"name":"TableNode","decl":{"start":{"line":707,"column":9},"end":{"line":707,"column":19}},"loc":{"start":{"line":718,"column":19},"end":{"line":781,"column":null}},"line":718},"43":{"name":"(anonymous_43)","decl":{"start":{"line":724,"column":21},"end":{"line":724,"column":22}},"loc":{"start":{"line":724,"column":28},"end":{"line":724,"column":49}},"line":724},"44":{"name":"(anonymous_44)","decl":{"start":{"line":743,"column":17},"end":{"line":743,"column":23}},"loc":{"start":{"line":743,"column":23},"end":{"line":743,"column":null}},"line":743},"45":{"name":"(anonymous_45)","decl":{"start":{"line":744,"column":23},"end":{"line":744,"column":29}},"loc":{"start":{"line":744,"column":29},"end":{"line":744,"column":null}},"line":744},"46":{"name":"(anonymous_46)","decl":{"start":{"line":766,"column":30},"end":{"line":766,"column":31}},"loc":{"start":{"line":767,"column":12},"end":{"line":775,"column":null}},"line":767},"47":{"name":"ColumnNode","decl":{"start":{"line":798,"column":9},"end":{"line":798,"column":20}},"loc":{"start":{"line":805,"column":20},"end":{"line":831,"column":null}},"line":805},"48":{"name":"(anonymous_48)","decl":{"start":{"line":816,"column":15},"end":{"line":816,"column":21}},"loc":{"start":{"line":816,"column":21},"end":{"line":816,"column":null}},"line":816},"49":{"name":"parseDbLink","decl":{"start":{"line":834,"column":16},"end":{"line":834,"column":28}},"loc":{"start":{"line":834,"column":61},"end":{"line":844,"column":null}},"line":834}},"branchMap":{"0":{"loc":{"start":{"line":205,"column":4},"end":{"line":207,"column":null}},"type":"if","locations":[{"start":{"line":205,"column":4},"end":{"line":207,"column":null}},{"start":{},"end":{}}],"line":205},"1":{"loc":{"start":{"line":212,"column":4},"end":{"line":214,"column":null}},"type":"if","locations":[{"start":{"line":212,"column":4},"end":{"line":214,"column":null}},{"start":{},"end":{}}],"line":212},"2":{"loc":{"start":{"line":212,"column":8},"end":{"line":212,"column":30}},"type":"binary-expr","locations":[{"start":{"line":212,"column":8},"end":{"line":212,"column":18}},{"start":{"line":212,"column":18},"end":{"line":212,"column":30}}],"line":212},"3":{"loc":{"start":{"line":227,"column":6},"end":{"line":236,"column":null}},"type":"if","locations":[{"start":{"line":227,"column":6},"end":{"line":236,"column":null}},{"start":{"line":234,"column":13},"end":{"line":236,"column":null}}],"line":227},"4":{"loc":{"start":{"line":230,"column":8},"end":{"line":233,"column":null}},"type":"if","locations":[{"start":{"line":230,"column":8},"end":{"line":233,"column":null}},{"start":{},"end":{}}],"line":230},"5":{"loc":{"start":{"line":235,"column":17},"end":{"line":235,"column":58}},"type":"binary-expr","locations":[{"start":{"line":235,"column":17},"end":{"line":235,"column":33}},{"start":{"line":235,"column":33},"end":{"line":235,"column":58}}],"line":235},"6":{"loc":{"start":{"line":238,"column":15},"end":{"line":238,"column":73}},"type":"cond-expr","locations":[{"start":{"line":238,"column":36},"end":{"line":238,"column":48}},{"start":{"line":238,"column":48},"end":{"line":238,"column":73}}],"line":238},"7":{"loc":{"start":{"line":252,"column":6},"end":{"line":254,"column":null}},"type":"if","locations":[{"start":{"line":252,"column":6},"end":{"line":254,"column":null}},{"start":{},"end":{}}],"line":252},"8":{"loc":{"start":{"line":269,"column":6},"end":{"line":271,"column":null}},"type":"if","locations":[{"start":{"line":269,"column":6},"end":{"line":271,"column":null}},{"start":{},"end":{}}],"line":269},"9":{"loc":{"start":{"line":290,"column":6},"end":{"line":292,"column":null}},"type":"if","locations":[{"start":{"line":290,"column":6},"end":{"line":292,"column":null}},{"start":{},"end":{}}],"line":290},"10":{"loc":{"start":{"line":303,"column":4},"end":{"line":303,"column":null}},"type":"if","locations":[{"start":{"line":303,"column":4},"end":{"line":303,"column":null}},{"start":{},"end":{}}],"line":303},"11":{"loc":{"start":{"line":304,"column":4},"end":{"line":304,"column":null}},"type":"if","locations":[{"start":{"line":304,"column":4},"end":{"line":304,"column":null}},{"start":{},"end":{}}],"line":304},"12":{"loc":{"start":{"line":305,"column":4},"end":{"line":305,"column":null}},"type":"if","locations":[{"start":{"line":305,"column":4},"end":{"line":305,"column":null}},{"start":{},"end":{}}],"line":305},"13":{"loc":{"start":{"line":306,"column":4},"end":{"line":306,"column":null}},"type":"if","locations":[{"start":{"line":306,"column":4},"end":{"line":306,"column":null}},{"start":{},"end":{}}],"line":306},"14":{"loc":{"start":{"line":310,"column":4},"end":{"line":325,"column":null}},"type":"if","locations":[{"start":{"line":310,"column":4},"end":{"line":325,"column":null}},{"start":{},"end":{}}],"line":310},"15":{"loc":{"start":{"line":314,"column":6},"end":{"line":324,"column":null}},"type":"if","locations":[{"start":{"line":314,"column":6},"end":{"line":324,"column":null}},{"start":{},"end":{}}],"line":314},"16":{"loc":{"start":{"line":319,"column":8},"end":{"line":323,"column":null}},"type":"if","locations":[{"start":{"line":319,"column":8},"end":{"line":323,"column":null}},{"start":{},"end":{}}],"line":319},"17":{"loc":{"start":{"line":330,"column":6},"end":{"line":332,"column":null}},"type":"if","locations":[{"start":{"line":330,"column":6},"end":{"line":332,"column":null}},{"start":{},"end":{}}],"line":330},"18":{"loc":{"start":{"line":340,"column":8},"end":{"line":347,"column":null}},"type":"if","locations":[{"start":{"line":340,"column":8},"end":{"line":347,"column":null}},{"start":{"line":342,"column":15},"end":{"line":347,"column":null}}],"line":340},"19":{"loc":{"start":{"line":344,"column":10},"end":{"line":346,"column":null}},"type":"if","locations":[{"start":{"line":344,"column":10},"end":{"line":346,"column":null}},{"start":{},"end":{}}],"line":344},"20":{"loc":{"start":{"line":359,"column":8},"end":{"line":366,"column":null}},"type":"if","locations":[{"start":{"line":359,"column":8},"end":{"line":366,"column":null}},{"start":{"line":361,"column":15},"end":{"line":366,"column":null}}],"line":359},"21":{"loc":{"start":{"line":363,"column":10},"end":{"line":365,"column":null}},"type":"if","locations":[{"start":{"line":363,"column":10},"end":{"line":365,"column":null}},{"start":{},"end":{}}],"line":363},"22":{"loc":{"start":{"line":378,"column":8},"end":{"line":385,"column":null}},"type":"if","locations":[{"start":{"line":378,"column":8},"end":{"line":385,"column":null}},{"start":{"line":380,"column":15},"end":{"line":385,"column":null}}],"line":378},"23":{"loc":{"start":{"line":382,"column":10},"end":{"line":384,"column":null}},"type":"if","locations":[{"start":{"line":382,"column":10},"end":{"line":384,"column":null}},{"start":{},"end":{}}],"line":382},"24":{"loc":{"start":{"line":398,"column":4},"end":{"line":404,"column":null}},"type":"if","locations":[{"start":{"line":398,"column":4},"end":{"line":404,"column":null}},{"start":{},"end":{}}],"line":398},"25":{"loc":{"start":{"line":400,"column":6},"end":{"line":400,"column":null}},"type":"if","locations":[{"start":{"line":400,"column":6},"end":{"line":400,"column":null}},{"start":{},"end":{}}],"line":400},"26":{"loc":{"start":{"line":401,"column":6},"end":{"line":401,"column":null}},"type":"if","locations":[{"start":{"line":401,"column":6},"end":{"line":401,"column":null}},{"start":{},"end":{}}],"line":401},"27":{"loc":{"start":{"line":402,"column":6},"end":{"line":402,"column":null}},"type":"if","locations":[{"start":{"line":402,"column":6},"end":{"line":402,"column":null}},{"start":{},"end":{}}],"line":402},"28":{"loc":{"start":{"line":408,"column":4},"end":{"line":408,"column":null}},"type":"if","locations":[{"start":{"line":408,"column":4},"end":{"line":408,"column":null}},{"start":{},"end":{}}],"line":408},"29":{"loc":{"start":{"line":412,"column":2},"end":{"line":412,"column":null}},"type":"if","locations":[{"start":{"line":412,"column":2},"end":{"line":412,"column":null}},{"start":{},"end":{}}],"line":412},"30":{"loc":{"start":{"line":446,"column":9},"end":{"line":477,"column":null}},"type":"cond-expr","locations":[{"start":{"line":447,"column":10},"end":{"line":449,"column":null}},{"start":{"line":450,"column":12},"end":{"line":477,"column":null}}],"line":446},"31":{"loc":{"start":{"line":446,"column":9},"end":{"line":446,"column":null}},"type":"binary-expr","locations":[{"start":{"line":446,"column":9},"end":{"line":446,"column":22}},{"start":{"line":446,"column":22},"end":{"line":446,"column":null}}],"line":446},"32":{"loc":{"start":{"line":450,"column":12},"end":{"line":477,"column":null}},"type":"cond-expr","locations":[{"start":{"line":451,"column":10},"end":{"line":451,"column":null}},{"start":{"line":452,"column":12},"end":{"line":477,"column":null}}],"line":450},"33":{"loc":{"start":{"line":452,"column":12},"end":{"line":477,"column":null}},"type":"cond-expr","locations":[{"start":{"line":453,"column":10},"end":{"line":455,"column":null}},{"start":{"line":457,"column":10},"end":{"line":477,"column":null}}],"line":452},"34":{"loc":{"start":{"line":462,"column":25},"end":{"line":462,"column":null}},"type":"binary-expr","locations":[{"start":{"line":462,"column":25},"end":{"line":462,"column":45}},{"start":{"line":462,"column":45},"end":{"line":462,"column":null}}],"line":462},"35":{"loc":{"start":{"line":532,"column":25},"end":{"line":534,"column":null}},"type":"cond-expr","locations":[{"start":{"line":533,"column":6},"end":{"line":533,"column":null}},{"start":{"line":534,"column":6},"end":{"line":534,"column":null}}],"line":532},"36":{"loc":{"start":{"line":536,"column":2},"end":{"line":538,"column":null}},"type":"if","locations":[{"start":{"line":536,"column":2},"end":{"line":538,"column":null}},{"start":{},"end":{}}],"line":536},"37":{"loc":{"start":{"line":536,"column":6},"end":{"line":536,"column":77}},"type":"binary-expr","locations":[{"start":{"line":536,"column":6},"end":{"line":536,"column":21}},{"start":{"line":536,"column":21},"end":{"line":536,"column":52}},{"start":{"line":536,"column":52},"end":{"line":536,"column":77}}],"line":536},"38":{"loc":{"start":{"line":546,"column":10},"end":{"line":546,"column":null}},"type":"binary-expr","locations":[{"start":{"line":546,"column":10},"end":{"line":546,"column":27}},{"start":{"line":546,"column":27},"end":{"line":546,"column":null}}],"line":546},"39":{"loc":{"start":{"line":554,"column":12},"end":{"line":554,"column":null}},"type":"binary-expr","locations":[{"start":{"line":554,"column":12},"end":{"line":554,"column":26}},{"start":{"line":554,"column":26},"end":{"line":554,"column":null}}],"line":554},"40":{"loc":{"start":{"line":561,"column":7},"end":{"line":580,"column":null}},"type":"binary-expr","locations":[{"start":{"line":561,"column":7},"end":{"line":561,"column":null}},{"start":{"line":562,"column":8},"end":{"line":580,"column":null}}],"line":561},"41":{"loc":{"start":{"line":568,"column":22},"end":{"line":568,"column":null}},"type":"binary-expr","locations":[{"start":{"line":568,"column":22},"end":{"line":568,"column":61}},{"start":{"line":568,"column":61},"end":{"line":568,"column":null}}],"line":568},"42":{"loc":{"start":{"line":625,"column":24},"end":{"line":627,"column":null}},"type":"cond-expr","locations":[{"start":{"line":626,"column":6},"end":{"line":626,"column":null}},{"start":{"line":627,"column":6},"end":{"line":627,"column":null}}],"line":625},"43":{"loc":{"start":{"line":629,"column":2},"end":{"line":635,"column":null}},"type":"if","locations":[{"start":{"line":629,"column":2},"end":{"line":635,"column":null}},{"start":{},"end":{}}],"line":629},"44":{"loc":{"start":{"line":630,"column":4},"end":{"line":632,"column":null}},"type":"binary-expr","locations":[{"start":{"line":630,"column":4},"end":{"line":630,"column":null}},{"start":{"line":631,"column":4},"end":{"line":631,"column":null}},{"start":{"line":632,"column":4},"end":{"line":632,"column":null}}],"line":630},"45":{"loc":{"start":{"line":643,"column":10},"end":{"line":643,"column":null}},"type":"binary-expr","locations":[{"start":{"line":643,"column":10},"end":{"line":643,"column":27}},{"start":{"line":643,"column":27},"end":{"line":643,"column":null}}],"line":643},"46":{"loc":{"start":{"line":651,"column":12},"end":{"line":651,"column":null}},"type":"binary-expr","locations":[{"start":{"line":651,"column":12},"end":{"line":651,"column":26}},{"start":{"line":651,"column":26},"end":{"line":651,"column":null}}],"line":651},"47":{"loc":{"start":{"line":658,"column":9},"end":{"line":659,"column":null}},"type":"binary-expr","locations":[{"start":{"line":658,"column":9},"end":{"line":658,"column":null}},{"start":{"line":659,"column":10},"end":{"line":659,"column":null}}],"line":658},"48":{"loc":{"start":{"line":663,"column":7},"end":{"line":682,"column":null}},"type":"binary-expr","locations":[{"start":{"line":663,"column":7},"end":{"line":663,"column":null}},{"start":{"line":664,"column":8},"end":{"line":682,"column":null}}],"line":663},"49":{"loc":{"start":{"line":671,"column":23},"end":{"line":671,"column":null}},"type":"binary-expr","locations":[{"start":{"line":671,"column":23},"end":{"line":671,"column":77}},{"start":{"line":671,"column":77},"end":{"line":671,"column":null}}],"line":671},"50":{"loc":{"start":{"line":723,"column":25},"end":{"line":725,"column":null}},"type":"cond-expr","locations":[{"start":{"line":724,"column":6},"end":{"line":724,"column":null}},{"start":{"line":725,"column":6},"end":{"line":725,"column":null}}],"line":723},"51":{"loc":{"start":{"line":727,"column":2},"end":{"line":733,"column":null}},"type":"if","locations":[{"start":{"line":727,"column":2},"end":{"line":733,"column":null}},{"start":{},"end":{}}],"line":727},"52":{"loc":{"start":{"line":728,"column":4},"end":{"line":730,"column":null}},"type":"binary-expr","locations":[{"start":{"line":728,"column":4},"end":{"line":728,"column":null}},{"start":{"line":729,"column":4},"end":{"line":729,"column":null}},{"start":{"line":730,"column":4},"end":{"line":730,"column":null}}],"line":728},"53":{"loc":{"start":{"line":741,"column":10},"end":{"line":741,"column":null}},"type":"binary-expr","locations":[{"start":{"line":741,"column":10},"end":{"line":741,"column":27}},{"start":{"line":741,"column":27},"end":{"line":741,"column":null}}],"line":741},"54":{"loc":{"start":{"line":749,"column":12},"end":{"line":749,"column":null}},"type":"binary-expr","locations":[{"start":{"line":749,"column":12},"end":{"line":749,"column":26}},{"start":{"line":749,"column":26},"end":{"line":749,"column":null}}],"line":749},"55":{"loc":{"start":{"line":758,"column":7},"end":{"line":761,"column":null}},"type":"binary-expr","locations":[{"start":{"line":758,"column":7},"end":{"line":758,"column":null}},{"start":{"line":759,"column":8},"end":{"line":761,"column":null}}],"line":758},"56":{"loc":{"start":{"line":764,"column":7},"end":{"line":777,"column":null}},"type":"binary-expr","locations":[{"start":{"line":764,"column":7},"end":{"line":764,"column":null}},{"start":{"line":765,"column":8},"end":{"line":777,"column":null}}],"line":764},"57":{"loc":{"start":{"line":814,"column":8},"end":{"line":814,"column":null}},"type":"binary-expr","locations":[{"start":{"line":814,"column":8},"end":{"line":814,"column":25}},{"start":{"line":814,"column":25},"end":{"line":814,"column":null}}],"line":814},"58":{"loc":{"start":{"line":817,"column":13},"end":{"line":817,"column":null}},"type":"binary-expr","locations":[{"start":{"line":817,"column":13},"end":{"line":817,"column":35}},{"start":{"line":817,"column":35},"end":{"line":817,"column":null}}],"line":817},"59":{"loc":{"start":{"line":817,"column":52},"end":{"line":817,"column":88}},"type":"cond-expr","locations":[{"start":{"line":817,"column":70},"end":{"line":817,"column":86}},{"start":{"line":817,"column":86},"end":{"line":817,"column":88}}],"line":817},"60":{"loc":{"start":{"line":819,"column":7},"end":{"line":822,"column":null}},"type":"cond-expr","locations":[{"start":{"line":820,"column":8},"end":{"line":820,"column":null}},{"start":{"line":822,"column":8},"end":{"line":822,"column":null}}],"line":819},"61":{"loc":{"start":{"line":826,"column":7},"end":{"line":827,"column":null}},"type":"binary-expr","locations":[{"start":{"line":826,"column":7},"end":{"line":826,"column":null}},{"start":{"line":827,"column":8},"end":{"line":827,"column":null}}],"line":826},"62":{"loc":{"start":{"line":835,"column":2},"end":{"line":835,"column":null}},"type":"if","locations":[{"start":{"line":835,"column":2},"end":{"line":835,"column":null}},{"start":{},"end":{}}],"line":835},"63":{"loc":{"start":{"line":839,"column":13},"end":{"line":839,"column":null}},"type":"binary-expr","locations":[{"start":{"line":839,"column":13},"end":{"line":839,"column":25}},{"start":{"line":839,"column":25},"end":{"line":839,"column":null}}],"line":839},"64":{"loc":{"start":{"line":840,"column":12},"end":{"line":840,"column":null}},"type":"binary-expr","locations":[{"start":{"line":840,"column":12},"end":{"line":840,"column":24}},{"start":{"line":840,"column":24},"end":{"line":840,"column":null}}],"line":840},"65":{"loc":{"start":{"line":841,"column":11},"end":{"line":841,"column":null}},"type":"binary-expr","locations":[{"start":{"line":841,"column":11},"end":{"line":841,"column":23}},{"start":{"line":841,"column":23},"end":{"line":841,"column":null}}],"line":841},"66":{"loc":{"start":{"line":842,"column":12},"end":{"line":842,"column":null}},"type":"binary-expr","locations":[{"start":{"line":842,"column":12},"end":{"line":842,"column":24}},{"start":{"line":842,"column":24},"end":{"line":842,"column":null}}],"line":842}},"s":{"0":1,"1":0,"2":1,"3":0,"4":1,"5":0,"6":1,"7":0,"8":1,"9":0,"10":1,"11":0,"12":1,"13":0,"14":0,"15":0,"16":0,"17":0,"18":0,"19":0,"20":0,"21":0,"22":0,"23":0,"24":0,"25":0,"26":0,"27":0,"28":0,"29":0,"30":0,"31":0,"32":0,"33":0,"34":0,"35":0,"36":0,"37":0,"38":0,"39":0,"40":0,"41":0,"42":0,"43":0,"44":0,"45":0,"46":0,"47":0,"48":0,"49":0,"50":0,"51":0,"52":0,"53":0,"54":0,"55":0,"56":0,"57":0,"58":0,"59":0,"60":0,"61":0,"62":0,"63":0,"64":0,"65":0,"66":0,"67":0,"68":0,"69":0,"70":0,"71":0,"72":0,"73":0,"74":0,"75":0,"76":0,"77":0,"78":0,"79":0,"80":0,"81":0,"82":0,"83":0,"84":0,"85":0,"86":0,"87":0,"88":0,"89":0,"90":0,"91":0,"92":0,"93":0,"94":0,"95":0,"96":0,"97":0,"98":0,"99":0,"100":0,"101":0,"102":0,"103":0,"104":0,"105":0,"106":0,"107":0,"108":0,"109":0,"110":0,"111":0,"112":0,"113":0,"114":0,"115":0,"116":0,"117":0,"118":0,"119":0,"120":0,"121":0,"122":0,"123":0,"124":0,"125":0,"126":0,"127":0,"128":0,"129":0,"130":0,"131":0,"132":0,"133":0,"134":0,"135":0,"136":0,"137":0,"138":0,"139":0,"140":0,"141":0,"142":0,"143":0,"144":0,"145":0,"146":0,"147":0,"148":0,"149":0,"150":0,"151":0,"152":0,"153":0,"154":0,"155":0,"156":0,"157":0,"158":0,"159":0,"160":0,"161":0,"162":0,"163":0,"164":0,"165":0,"166":0,"167":0,"168":0,"169":0,"170":0,"171":0,"172":0,"173":0,"174":0,"175":0,"176":0,"177":0,"178":0,"179":9,"180":4,"181":5,"182":5},"f":{"0":0,"1":0,"2":0,"3":0,"4":0,"5":0,"6":0,"7":0,"8":0,"9":0,"10":0,"11":0,"12":0,"13":0,"14":0,"15":0,"16":0,"17":0,"18":0,"19":0,"20":0,"21":0,"22":0,"23":0,"24":0,"25":0,"26":0,"27":0,"28":0,"29":0,"30":0,"31":0,"32":0,"33":0,"34":0,"35":0,"36":0,"37":0,"38":0,"39":0,"40":0,"41":0,"42":0,"43":0,"44":0,"45":0,"46":0,"47":0,"48":0,"49":9},"b":{"0":[0,0],"1":[0,0],"2":[0,0],"3":[0,0],"4":[0,0],"5":[0,0],"6":[0,0],"7":[0,0],"8":[0,0],"9":[0,0],"10":[0,0],"11":[0,0],"12":[0,0],"13":[0,0],"14":[0,0],"15":[0,0],"16":[0,0],"17":[0,0],"18":[0,0],"19":[0,0],"20":[0,0],"21":[0,0],"22":[0,0],"23":[0,0],"24":[0,0],"25":[0,0],"26":[0,0],"27":[0,0],"28":[0,0],"29":[0,0],"30":[0,0],"31":[0,0],"32":[0,0],"33":[0,0],"34":[0,0],"35":[0,0],"36":[0,0],"37":[0,0,0],"38":[0,0],"39":[0,0],"40":[0,0],"41":[0,0],"42":[0,0],"43":[0,0],"44":[0,0,0],"45":[0,0],"46":[0,0],"47":[0,0],"48":[0,0],"49":[0,0],"50":[0,0],"51":[0,0],"52":[0,0,0],"53":[0,0],"54":[0,0],"55":[0,0],"56":[0,0],"57":[0,0],"58":[0,0],"59":[0,0],"60":[0,0],"61":[0,0],"62":[4,5],"63":[5,0],"64":[9,1],"65":[9,2],"66":[9,4]},"meta":{"lastBranch":67,"lastFunction":50,"lastStatement":183,"seen":{"s:8:18:23:Infinity":0,"f:8:18:8:19":0,"s:9:2:23:Infinity":1,"s:26:25:40:Infinity":2,"f:26:25:26:26":1,"s:27:2:40:Infinity":3,"s:43:21:59:Infinity":4,"f:43:21:43:22":2,"s:44:2:59:Infinity":5,"s:62:18:79:Infinity":6,"f:62:18:62:19":3,"s:63:2:79:Infinity":7,"s:82:19:99:Infinity":8,"f:82:19:82:20":4,"s:83:2:99:Infinity":9,"s:102:16:118:Infinity":10,"f:102:16:102:17":5,"s:103:2:118:Infinity":11,"s:121:19:136:Infinity":12,"f:121:19:121:20":6,"s:122:2:136:Infinity":13,"f:175:16:175:31":7,"s:181:32:181:Infinity":14,"s:182:24:182:Infinity":15,"s:183:36:183:Infinity":16,"s:186:30:186:Infinity":17,"s:187:28:187:Infinity":18,"s:188:26:188:Infinity":19,"s:189:28:189:Infinity":20,"s:192:46:194:Infinity":21,"s:195:44:197:Infinity":22,"s:198:42:198:Infinity":23,"s:201:44:201:Infinity":24,"s:204:2:208:Infinity":25,"f:204:12:204:18":8,"b:205:4:207:Infinity:undefined:undefined:undefined:undefined":0,"s:205:4:207:Infinity":26,"s:206:6:206:Infinity":27,"s:211:2:215:Infinity":28,"f:211:12:211:18":9,"b:212:4:214:Infinity:undefined:undefined:undefined:undefined":1,"s:212:4:214:Infinity":29,"b:212:8:212:18:212:18:212:30":2,"s:213:6:213:Infinity":30,"s:217:23:242:Infinity":31,"f:217:23:217:35":10,"s:218:4:218:Infinity":32,"s:219:4:219:Infinity":33,"s:220:4:241:Infinity":34,"s:221:21:225:Infinity":35,"b:227:6:236:Infinity:234:13:236:Infinity":3,"s:227:6:236:Infinity":36,"s:228:8:228:Infinity":37,"b:230:8:233:Infinity:undefined:undefined:undefined:undefined":4,"s:230:8:233:Infinity":38,"s:231:10:231:Infinity":39,"s:232:10:232:Infinity":40,"s:235:8:235:Infinity":41,"b:235:17:235:33:235:33:235:58":5,"s:238:6:238:Infinity":42,"b:238:36:238:48:238:48:238:73":6,"s:240:6:240:Infinity":43,"s:244:22:258:Infinity":44,"f:244:22:244:29":11,"s:245:4:257:Infinity":45,"s:246:21:250:Infinity":46,"b:252:6:254:Infinity:undefined:undefined:undefined:undefined":7,"s:252:6:254:Infinity":47,"s:253:8:253:Infinity":48,"f:253:19:253:20":12,"s:253:30:253:69":49,"s:256:6:256:Infinity":50,"s:260:21:275:Infinity":51,"f:260:21:260:28":13,"s:261:16:261:Infinity":52,"s:262:4:274:Infinity":53,"s:263:21:267:Infinity":54,"b:269:6:271:Infinity:undefined:undefined:undefined:undefined":8,"s:269:6:271:Infinity":55,"s:270:8:270:Infinity":56,"f:270:18:270:19":14,"s:270:29:270:63":57,"s:273:6:273:Infinity":58,"s:277:22:296:Infinity":59,"f:277:22:277:Infinity":15,"s:282:16:282:Infinity":60,"s:283:4:295:Infinity":61,"s:284:21:288:Infinity":62,"b:290:6:292:Infinity:undefined:undefined:undefined:undefined":9,"s:290:6:292:Infinity":63,"s:291:8:291:Infinity":64,"f:291:19:291:20":16,"s:291:30:291:65":65,"s:294:6:294:Infinity":66,"s:298:27:334:Infinity":67,"f:298:27:298:34":17,"s:299:47:299:Infinity":68,"s:302:15:302:Infinity":69,"b:303:4:303:Infinity:undefined:undefined:undefined:undefined":10,"s:303:4:303:Infinity":70,"s:303:17:303:Infinity":71,"b:304:4:304:Infinity:undefined:undefined:undefined:undefined":11,"s:304:4:304:Infinity":72,"s:304:16:304:Infinity":73,"b:305:4:305:Infinity:undefined:undefined:undefined:undefined":12,"s:305:4:305:Infinity":74,"s:305:15:305:Infinity":75,"b:306:4:306:Infinity:undefined:undefined:undefined:undefined":13,"s:306:4:306:Infinity":76,"s:306:16:306:Infinity":77,"s:307:4:307:Infinity":78,"b:310:4:325:Infinity:undefined:undefined:undefined:undefined":14,"s:310:4:325:Infinity":79,"s:311:6:311:Infinity":80,"f:311:26:311:27":18,"s:311:36:311:63":81,"s:312:6:312:Infinity":82,"b:314:6:324:Infinity:undefined:undefined:undefined:undefined":15,"s:314:6:324:Infinity":83,"s:315:26:315:Infinity":84,"s:316:8:316:Infinity":85,"f:316:27:316:28":19,"s:316:37:316:66":86,"s:317:8:317:Infinity":87,"b:319:8:323:Infinity:undefined:undefined:undefined:undefined":16,"s:319:8:323:Infinity":88,"s:320:27:320:Infinity":89,"s:321:10:321:Infinity":90,"f:321:28:321:29":20,"s:321:38:321:66":91,"s:322:10:322:Infinity":92,"s:328:4:333:Infinity":93,"f:328:15:328:21":21,"s:329:22:329:Infinity":94,"b:330:6:332:Infinity:undefined:undefined:undefined:undefined":17,"s:330:6:332:Infinity":95,"s:331:8:331:Infinity":96,"s:336:8:352:Infinity":97,"f:337:4:337:5":22,"s:338:6:349:Infinity":98,"f:338:26:338:27":23,"s:339:21:339:Infinity":99,"b:340:8:347:Infinity:342:15:347:Infinity":18,"s:340:8:347:Infinity":100,"s:341:10:341:Infinity":101,"s:343:10:343:Infinity":102,"b:344:10:346:Infinity:undefined:undefined:undefined:undefined":19,"s:344:10:346:Infinity":103,"s:345:12:345:Infinity":104,"s:348:8:348:Infinity":105,"s:354:8:371:Infinity":106,"f:355:4:355:5":24,"s:356:18:356:Infinity":107,"s:357:6:368:Infinity":108,"f:357:25:357:26":25,"s:358:21:358:Infinity":109,"b:359:8:366:Infinity:361:15:366:Infinity":20,"s:359:8:366:Infinity":110,"s:360:10:360:Infinity":111,"s:362:10:362:Infinity":112,"b:363:10:365:Infinity:undefined:undefined:undefined:undefined":21,"s:363:10:365:Infinity":113,"s:364:12:364:Infinity":114,"s:367:8:367:Infinity":115,"s:373:8:390:Infinity":116,"f:374:4:374:5":26,"s:375:18:375:Infinity":117,"s:376:6:387:Infinity":118,"f:376:24:376:25":27,"s:377:21:377:Infinity":119,"b:378:8:385:Infinity:380:15:385:Infinity":22,"s:378:8:385:Infinity":120,"s:379:10:379:Infinity":121,"s:381:10:381:Infinity":122,"b:382:10:384:Infinity:undefined:undefined:undefined:undefined":23,"s:382:10:384:Infinity":123,"s:383:12:383:Infinity":124,"s:386:8:386:Infinity":125,"s:392:29:405:Infinity":126,"f:392:29:392:Infinity":28,"b:398:4:404:Infinity:undefined:undefined:undefined:undefined":24,"s:398:4:404:Infinity":127,"s:399:17:399:Infinity":128,"b:400:6:400:Infinity:undefined:undefined:undefined:undefined":25,"s:400:6:400:Infinity":129,"s:400:18:400:Infinity":130,"b:401:6:401:Infinity:undefined:undefined:undefined:undefined":26,"s:401:6:401:Infinity":131,"s:401:17:401:Infinity":132,"b:402:6:402:Infinity:undefined:undefined:undefined:undefined":27,"s:402:6:402:Infinity":133,"s:402:18:402:Infinity":134,"s:403:6:403:Infinity":135,"s:407:24:410:Infinity":136,"f:407:24:407:25":29,"b:408:4:408:Infinity:undefined:undefined:undefined:undefined":28,"s:408:4:408:Infinity":137,"s:408:22:408:Infinity":138,"s:409:4:409:Infinity":139,"b:412:2:412:Infinity:undefined:undefined:undefined:undefined":29,"s:412:2:412:Infinity":140,"s:412:15:412:Infinity":141,"s:414:2:485:Infinity":142,"f:437:22:437:23":30,"s:437:29:437:Infinity":143,"b:447:10:449:Infinity:450:12:477:Infinity":30,"b:446:9:446:22:446:22:446:Infinity":31,"b:451:10:451:Infinity:452:12:477:Infinity":32,"b:453:10:455:Infinity:457:10:477:Infinity":33,"f:458:26:458:27":31,"s:459:14:475:Infinity":144,"b:462:25:462:45:462:45:462:Infinity":34,"f:512:9:512:21":32,"s:528:15:528:Infinity":145,"s:529:24:529:Infinity":146,"s:532:25:534:Infinity":147,"b:533:6:533:Infinity:534:6:534:Infinity":35,"f:533:21:533:22":33,"s:533:28:533:49":148,"b:536:2:538:Infinity:undefined:undefined:undefined:undefined":36,"s:536:2:538:Infinity":149,"b:536:6:536:21:536:21:536:52:536:52:536:77":37,"s:537:4:537:Infinity":150,"s:540:2:582:Infinity":151,"b:546:10:546:27:546:27:546:Infinity":38,"f:548:17:548:23":34,"s:548:23:548:Infinity":152,"f:549:23:549:29":35,"s:549:29:549:Infinity":153,"b:554:12:554:26:554:26:554:Infinity":39,"b:561:7:561:Infinity:562:8:580:Infinity":40,"f:563:30:563:31":36,"s:564:12:578:Infinity":154,"b:568:22:568:61:568:61:568:Infinity":41,"f:607:9:607:20":37,"s:621:15:621:Infinity":155,"s:622:24:622:Infinity":156,"s:625:24:627:Infinity":157,"b:626:6:626:Infinity:627:6:627:Infinity":42,"f:626:20:626:21":38,"s:626:27:626:48":158,"b:629:2:635:Infinity:undefined:undefined:undefined:undefined":43,"s:629:2:635:Infinity":159,"b:630:4:630:Infinity:631:4:631:Infinity:632:4:632:Infinity":44,"s:634:4:634:Infinity":160,"s:637:2:684:Infinity":161,"b:643:10:643:27:643:27:643:Infinity":45,"f:645:17:645:23":39,"s:645:23:645:Infinity":162,"f:646:23:646:29":40,"s:646:29:646:Infinity":163,"b:651:12:651:26:651:26:651:Infinity":46,"b:658:9:658:Infinity:659:10:659:Infinity":47,"b:663:7:663:Infinity:664:8:682:Infinity":48,"f:665:29:665:30":41,"s:666:12:680:Infinity":164,"b:671:23:671:77:671:77:671:Infinity":49,"f:707:9:707:19":42,"s:719:15:719:Infinity":165,"s:720:24:720:Infinity":166,"s:723:25:725:Infinity":167,"b:724:6:724:Infinity:725:6:725:Infinity":50,"f:724:21:724:22":43,"s:724:28:724:49":168,"b:727:2:733:Infinity:undefined:undefined:undefined:undefined":51,"s:727:2:733:Infinity":169,"b:728:4:728:Infinity:729:4:729:Infinity:730:4:730:Infinity":52,"s:732:4:732:Infinity":170,"s:735:2:779:Infinity":171,"b:741:10:741:27:741:27:741:Infinity":53,"f:743:17:743:23":44,"s:743:23:743:Infinity":172,"f:744:23:744:29":45,"s:744:29:744:Infinity":173,"b:749:12:749:26:749:26:749:Infinity":54,"b:758:7:758:Infinity:759:8:761:Infinity":55,"b:764:7:764:Infinity:765:8:777:Infinity":56,"f:766:30:766:31":46,"s:767:12:775:Infinity":174,"f:798:9:798:20":47,"s:806:15:806:Infinity":175,"s:807:24:807:Infinity":176,"s:809:2:829:Infinity":177,"b:814:8:814:25:814:25:814:Infinity":57,"f:816:15:816:21":48,"s:816:21:816:Infinity":178,"b:817:13:817:35:817:35:817:Infinity":58,"b:817:70:817:86:817:86:817:88":59,"b:820:8:820:Infinity:822:8:822:Infinity":60,"b:826:7:826:Infinity:827:8:827:Infinity":61,"f:834:16:834:28":49,"b:835:2:835:Infinity:undefined:undefined:undefined:undefined":62,"s:835:2:835:Infinity":179,"s:835:33:835:Infinity":180,"s:837:16:837:Infinity":181,"s:838:2:843:Infinity":182,"b:839:13:839:25:839:25:839:Infinity":63,"b:840:12:840:24:840:24:840:Infinity":64,"b:841:11:841:23:841:23:841:Infinity":65,"b:842:12:842:24:842:24:842:Infinity":66}}}
,"/Users/lbelyaev/dev/db-mcp/packages/ui/src/lib/bicp.ts": {"path":"/Users/lbelyaev/dev/db-mcp/packages/ui/src/lib/bicp.ts","statementMap":{"0":{"start":{"line":57,"column":35},"end":{"line":61,"column":null}},"1":{"start":{"line":63,"column":16},"end":{"line":63,"column":null}},"2":{"start":{"line":66,"column":2},"end":{"line":66,"column":null}},"3":{"start":{"line":75,"column":22},"end":{"line":75,"column":null}},"4":{"start":{"line":77,"column":34},"end":{"line":82,"column":null}},"5":{"start":{"line":84,"column":19},"end":{"line":90,"column":null}},"6":{"start":{"line":92,"column":2},"end":{"line":94,"column":null}},"7":{"start":{"line":93,"column":4},"end":{"line":93,"column":null}},"8":{"start":{"line":96,"column":43},"end":{"line":96,"column":null}},"9":{"start":{"line":98,"column":2},"end":{"line":102,"column":null}},"10":{"start":{"line":99,"column":4},"end":{"line":101,"column":null}},"11":{"start":{"line":104,"column":2},"end":{"line":104,"column":null}},"12":{"start":{"line":111,"column":22},"end":{"line":111,"column":null}},"13":{"start":{"line":113,"column":35},"end":{"line":125,"column":null}},"14":{"start":{"line":127,"column":2},"end":{"line":131,"column":null}},"15":{"start":{"line":192,"column":2},"end":{"line":192,"column":null}},"16":{"start":{"line":196,"column":2},"end":{"line":196,"column":null}},"17":{"start":{"line":203,"column":2},"end":{"line":203,"column":null}},"18":{"start":{"line":211,"column":2},"end":{"line":211,"column":null}},"19":{"start":{"line":215,"column":2},"end":{"line":215,"column":null}},"20":{"start":{"line":252,"column":2},"end":{"line":256,"column":null}},"21":{"start":{"line":264,"column":2},"end":{"line":268,"column":null}},"22":{"start":{"line":276,"column":2},"end":{"line":280,"column":null}},"23":{"start":{"line":297,"column":40},"end":{"line":297,"column":null}},"24":{"start":{"line":298,"column":32},"end":{"line":298,"column":null}},"25":{"start":{"line":299,"column":24},"end":{"line":299,"column":null}},"26":{"start":{"line":300,"column":34},"end":{"line":300,"column":null}},"27":{"start":{"line":303,"column":8},"end":{"line":306,"column":null}},"28":{"start":{"line":304,"column":11},"end":{"line":304,"column":null}},"29":{"start":{"line":308,"column":8},"end":{"line":322,"column":null}},"30":{"start":{"line":309,"column":4},"end":{"line":309,"column":null}},"31":{"start":{"line":310,"column":4},"end":{"line":310,"column":null}},"32":{"start":{"line":312,"column":4},"end":{"line":321,"column":null}},"33":{"start":{"line":313,"column":21},"end":{"line":313,"column":null}},"34":{"start":{"line":314,"column":6},"end":{"line":314,"column":null}},"35":{"start":{"line":315,"column":6},"end":{"line":315,"column":null}},"36":{"start":{"line":317,"column":6},"end":{"line":317,"column":null}},"37":{"start":{"line":318,"column":6},"end":{"line":318,"column":null}},"38":{"start":{"line":320,"column":6},"end":{"line":320,"column":null}},"39":{"start":{"line":324,"column":8},"end":{"line":332,"column":null}},"40":{"start":{"line":329,"column":6},"end":{"line":329,"column":null}},"41":{"start":{"line":334,"column":2},"end":{"line":341,"column":null}}},"fnMap":{"0":{"name":"nextRequestId","decl":{"start":{"line":65,"column":9},"end":{"line":65,"column":33}},"loc":{"start":{"line":65,"column":33},"end":{"line":67,"column":null}},"line":65},"1":{"name":"bicpCall","decl":{"start":{"line":70,"column":22},"end":{"line":70,"column":null}},"loc":{"start":{"line":74,"column":14},"end":{"line":105,"column":null}},"line":74},"2":{"name":"initialize","decl":{"start":{"line":108,"column":22},"end":{"line":108,"column":null}},"loc":{"start":{"line":110,"column":29},"end":{"line":132,"column":null}},"line":110},"3":{"name":"getCatalogs","decl":{"start":{"line":191,"column":22},"end":{"line":191,"column":61}},"loc":{"start":{"line":191,"column":61},"end":{"line":193,"column":null}},"line":191},"4":{"name":"getSchemas","decl":{"start":{"line":195,"column":22},"end":{"line":195,"column":33}},"loc":{"start":{"line":195,"column":75},"end":{"line":197,"column":null}},"line":195},"5":{"name":"getTables","decl":{"start":{"line":199,"column":22},"end":{"line":199,"column":null}},"loc":{"start":{"line":202,"column":25},"end":{"line":204,"column":null}},"line":202},"6":{"name":"getColumns","decl":{"start":{"line":206,"column":22},"end":{"line":206,"column":null}},"loc":{"start":{"line":210,"column":26},"end":{"line":212,"column":null}},"line":210},"7":{"name":"validateLink","decl":{"start":{"line":214,"column":22},"end":{"line":214,"column":35}},"loc":{"start":{"line":214,"column":78},"end":{"line":216,"column":null}},"line":214},"8":{"name":"getGitHistory","decl":{"start":{"line":247,"column":22},"end":{"line":247,"column":null}},"loc":{"start":{"line":251,"column":29},"end":{"line":257,"column":null}},"line":251},"9":{"name":"getGitShow","decl":{"start":{"line":259,"column":22},"end":{"line":259,"column":null}},"loc":{"start":{"line":263,"column":26},"end":{"line":269,"column":null}},"line":263},"10":{"name":"revertToCommit","decl":{"start":{"line":271,"column":22},"end":{"line":271,"column":null}},"loc":{"start":{"line":275,"column":28},"end":{"line":281,"column":null}},"line":275},"11":{"name":"useBICP","decl":{"start":{"line":296,"column":16},"end":{"line":296,"column":24}},"loc":{"start":{"line":296,"column":73},"end":{"line":342,"column":null}},"line":296},"12":{"name":"(anonymous_12)","decl":{"start":{"line":304,"column":4},"end":{"line":304,"column":11}},"loc":{"start":{"line":304,"column":11},"end":{"line":304,"column":null}},"line":304},"13":{"name":"(anonymous_13)","decl":{"start":{"line":308,"column":43},"end":{"line":308,"column":55}},"loc":{"start":{"line":308,"column":55},"end":{"line":322,"column":5}},"line":308},"14":{"name":"(anonymous_14)","decl":{"start":{"line":325,"column":4},"end":{"line":325,"column":null}},"loc":{"start":{"line":328,"column":21},"end":{"line":330,"column":null}},"line":328}},"branchMap":{"0":{"loc":{"start":{"line":73,"column":2},"end":{"line":73,"column":null}},"type":"default-arg","locations":[{"start":{"line":73,"column":32},"end":{"line":73,"column":null}}],"line":73},"1":{"loc":{"start":{"line":92,"column":2},"end":{"line":94,"column":null}},"type":"if","locations":[{"start":{"line":92,"column":2},"end":{"line":94,"column":null}},{"start":{},"end":{}}],"line":92},"2":{"loc":{"start":{"line":98,"column":2},"end":{"line":102,"column":null}},"type":"if","locations":[{"start":{"line":98,"column":2},"end":{"line":102,"column":null}},{"start":{},"end":{}}],"line":98},"3":{"loc":{"start":{"line":109,"column":2},"end":{"line":109,"column":null}},"type":"default-arg","locations":[{"start":{"line":109,"column":32},"end":{"line":109,"column":null}}],"line":109},"4":{"loc":{"start":{"line":250,"column":2},"end":{"line":250,"column":null}},"type":"default-arg","locations":[{"start":{"line":250,"column":18},"end":{"line":250,"column":null}}],"line":250},"5":{"loc":{"start":{"line":296,"column":24},"end":{"line":296,"column":73}},"type":"default-arg","locations":[{"start":{"line":296,"column":54},"end":{"line":296,"column":73}}],"line":296},"6":{"loc":{"start":{"line":317,"column":15},"end":{"line":317,"column":66}},"type":"cond-expr","locations":[{"start":{"line":317,"column":38},"end":{"line":317,"column":44}},{"start":{"line":317,"column":44},"end":{"line":317,"column":66}}],"line":317}},"s":{"0":2,"1":2,"2":8,"3":8,"4":8,"5":8,"6":8,"7":1,"8":7,"9":7,"10":1,"11":6,"12":1,"13":1,"14":1,"15":0,"16":0,"17":0,"18":0,"19":0,"20":0,"21":0,"22":0,"23":0,"24":0,"25":0,"26":0,"27":0,"28":0,"29":0,"30":0,"31":0,"32":0,"33":0,"34":0,"35":0,"36":0,"37":0,"38":0,"39":0,"40":0,"41":0},"f":{"0":8,"1":8,"2":1,"3":0,"4":0,"5":0,"6":0,"7":0,"8":0,"9":0,"10":0,"11":0,"12":0,"13":0,"14":0},"b":{"0":[8],"1":[1,7],"2":[1,6],"3":[1],"4":[0],"5":[0],"6":[0,0]},"meta":{"lastBranch":7,"lastFunction":15,"lastStatement":42,"seen":{"s:57:35:61:Infinity":0,"s:63:16:63:Infinity":1,"f:65:9:65:33":0,"s:66:2:66:Infinity":2,"f:70:22:70:Infinity":1,"b:73:32:73:Infinity":0,"s:75:22:75:Infinity":3,"s:77:34:82:Infinity":4,"s:84:19:90:Infinity":5,"b:92:2:94:Infinity:undefined:undefined:undefined:undefined":1,"s:92:2:94:Infinity":6,"s:93:4:93:Infinity":7,"s:96:43:96:Infinity":8,"b:98:2:102:Infinity:undefined:undefined:undefined:undefined":2,"s:98:2:102:Infinity":9,"s:99:4:101:Infinity":10,"s:104:2:104:Infinity":11,"f:108:22:108:Infinity":2,"b:109:32:109:Infinity":3,"s:111:22:111:Infinity":12,"s:113:35:125:Infinity":13,"s:127:2:131:Infinity":14,"f:191:22:191:61":3,"s:192:2:192:Infinity":15,"f:195:22:195:33":4,"s:196:2:196:Infinity":16,"f:199:22:199:Infinity":5,"s:203:2:203:Infinity":17,"f:206:22:206:Infinity":6,"s:211:2:211:Infinity":18,"f:214:22:214:35":7,"s:215:2:215:Infinity":19,"f:247:22:247:Infinity":8,"b:250:18:250:Infinity":4,"s:252:2:256:Infinity":20,"f:259:22:259:Infinity":9,"s:264:2:268:Infinity":21,"f:271:22:271:Infinity":10,"s:276:2:280:Infinity":22,"f:296:16:296:24":11,"b:296:54:296:73":5,"s:297:40:297:Infinity":23,"s:298:32:298:Infinity":24,"s:299:24:299:Infinity":25,"s:300:34:300:Infinity":26,"s:303:8:306:Infinity":27,"f:304:4:304:11":12,"s:304:11:304:Infinity":28,"s:308:8:322:Infinity":29,"f:308:43:308:55":13,"s:309:4:309:Infinity":30,"s:310:4:310:Infinity":31,"s:312:4:321:Infinity":32,"s:313:21:313:Infinity":33,"s:314:6:314:Infinity":34,"s:315:6:315:Infinity":35,"s:317:6:317:Infinity":36,"b:317:38:317:44:317:44:317:66":6,"s:318:6:318:Infinity":37,"s:320:6:320:Infinity":38,"s:324:8:332:Infinity":39,"f:325:4:325:Infinity":14,"s:329:6:329:Infinity":40,"s:334:2:341:Infinity":41}}}
,"/Users/lbelyaev/dev/db-mcp/packages/ui/src/lib/utils.ts": {"path":"/Users/lbelyaev/dev/db-mcp/packages/ui/src/lib/utils.ts","statementMap":{"0":{"start":{"line":5,"column":2},"end":{"line":5,"column":null}}},"fnMap":{"0":{"name":"cn","decl":{"start":{"line":4,"column":16},"end":{"line":4,"column":22}},"loc":{"start":{"line":4,"column":44},"end":{"line":6,"column":null}},"line":4}},"branchMap":{},"s":{"0":8},"f":{"0":8},"b":{},"meta":{"lastBranch":0,"lastFunction":1,"lastStatement":1,"seen":{"f:4:16:4:22":0,"s:5:2:5:Infinity":0}}}
}
